<?xml version="1.0" encoding="UTF-8"?>
<!-- Generated by org.testng.reporters.JUnitReportReporter -->
<testsuite skipped="0" hostname="DESKTOP-9AISUP4" name="junitex" tests="3" failures="0" timestamp="03 Jan 2022 14:16:54 GMT" time="38.105" errors="0">
  <testcase name="login" time="19.022" classname="junitex"/>
  <testcase name="login" time="10.320" classname="junitex"/>
  <testcase name="login" time="8.763" classname="junitex"/>
</testsuite> <!-- junitex -->
